Started GET "/" for 127.0.0.1 at 2020-10-05 16:37:17 +0900
Processing by StaticPagesController#home as HTML
  Rendering static_pages/home.html.erb within layouts/application
  Rendered static_pages/home.html.erb within layouts/application (1068.9ms)
Completed 500 Internal Server Error in 1373ms


  
ActionView::Template::Error (undefined method `full_title' for #<#<Class:0x00007f81fd025680>:0x00007f81fd02e0f0>):
    1: <!DOCTYPE html>
    2: <html>
    3:   <head>
    4:     <title><%= full_title(yield(:title)) %></title>
    5:     <%= csrf_meta_tags %>
    6:     <%= stylesheet_link_tag    'application', media: 'all',
    7:                                'data-turbolinks-track': 'reload' %>
  
app/views/layouts/application.html.erb:4:in `_app_views_layouts_application_html_erb__1543862279913026080_70098116521520'
Started GET "/" for 127.0.0.1 at 2020-10-05 16:39:39 +0900
Processing by StaticPagesController#home as HTML
  Rendering static_pages/home.html.erb within layouts/application
  Rendered static_pages/home.html.erb within layouts/application (116.8ms)
Completed 500 Internal Server Error in 120ms


  
ActionView::Template::Error (undefined method `logged_in?' for #<#<Class:0x00007f81fd025680>:0x00007f81fb75a0b0>
Did you mean?  logger?):
    1: <% if logged_in? %>
    2:   <div class="row">
    3:     <aside class="col-md-4">
    4:       <section class="user_info">
  
app/views/static_pages/home.html.erb:1:in `_app_views_static_pages_home_html_erb___1564527279681758337_70098123150440'
Started GET "/" for 127.0.0.1 at 2020-10-05 16:42:38 +0900
Processing by StaticPagesController#home as HTML
  Rendering static_pages/home.html.erb within layouts/application
  Rendered static_pages/home.html.erb within layouts/application (1.6ms)
Completed 500 Internal Server Error in 107ms


  
ActionView::Template::Error (undefined method `full_title' for #<#<Class:0x00007f81fd025680>:0x00007f81faa33030>):
    1: <!DOCTYPE html>
    2: <html>
    3:   <head>
    4:     <title><%= full_title(yield(:title)) %></title>
    5:     <%= csrf_meta_tags %>
    6:     <%= stylesheet_link_tag    'application', media: 'all',
    7:                                'data-turbolinks-track': 'reload' %>
  
app/views/layouts/application.html.erb:4:in `_app_views_layouts_application_html_erb__1543862279913026080_70098121233460'
Started GET "/" for 127.0.0.1 at 2020-10-05 16:44:18 +0900
  
SyntaxError (/Users/oo0adeliae0oo/environment/sample_app/app/helpers/application_helper.rb:11: syntax error, unexpected end, expecting end-of-input):
  
app/helpers/application_helper.rb:11: syntax error, unexpected end, expecting end-of-input
app/controllers/application_controller.rb:1:in `<top (required)>'
app/controllers/static_pages_controller.rb:1:in `<top (required)>'
Started GET "/" for 127.0.0.1 at 2020-10-05 16:44:25 +0900
Processing by StaticPagesController#home as HTML
  Rendering static_pages/home.html.erb within layouts/application
  Rendered static_pages/home.html.erb within layouts/application (1.3ms)
Completed 200 OK in 29ms (Views: 27.7ms)


Started GET "/" for 127.0.0.1 at 2020-10-05 17:02:24 +0900
Processing by StaticPagesController#home as HTML
  Rendering static_pages/home.html.erb within layouts/application
  Rendered static_pages/home.html.erb within layouts/application (3.3ms)
Completed 500 Internal Server Error in 6ms


  
ActionView::Template::Error (The asset "kitten.jpg" is not present in the asset pipeline.
):
    11: </div>
    12: 
    13: <%= link_to image_tag("rails.png", alt: "Railslogo"),
    14:             image_tag("kitten.jpg", alt: "nekokawaii")
    15:             'http://rubyonrails.org/' %>
  
app/views/static_pages/home.html.erb:14:in `_app_views_static_pages_home_html_erb___1564527279681758337_70098199199160'
Started GET "/" for 127.0.0.1 at 2020-10-05 17:03:02 +0900
Processing by StaticPagesController#home as HTML
  Rendering static_pages/home.html.erb within layouts/application
  Rendered static_pages/home.html.erb within layouts/application (32.7ms)
Completed 200 OK in 54ms (Views: 53.1ms)


Started GET "/" for 127.0.0.1 at 2020-10-05 17:03:55 +0900
Processing by StaticPagesController#home as HTML
  Rendering static_pages/home.html.erb within layouts/application
  Rendered static_pages/home.html.erb within layouts/application (0.6ms)
Completed 500 Internal Server Error in 4ms


  
SyntaxError (/Users/oo0adeliae0oo/environment/sample_app/app/views/static_pages/home.html.erb:14: syntax error, unexpected ',', expecting ')'
...itten.jpg", alt: "nekokawaii"),
...                              ^):
  
app/views/static_pages/home.html.erb:14: syntax error, unexpected ',', expecting ')'
Started GET "/" for 127.0.0.1 at 2020-10-05 17:05:51 +0900
Processing by StaticPagesController#home as HTML
  Rendering static_pages/home.html.erb within layouts/application
  Rendered static_pages/home.html.erb within layouts/application (24.9ms)
Completed 500 Internal Server Error in 28ms


  
SyntaxError (/Users/oo0adeliae0oo/environment/sample_app/app/views/static_pages/home.html.erb:14: syntax error, unexpected ',', expecting ')'
...       image_tag("kitten.jpg"),
...                              ^):
  
app/views/static_pages/home.html.erb:14: syntax error, unexpected ',', expecting ')'
Started GET "/" for 127.0.0.1 at 2020-10-05 17:06:18 +0900
Processing by StaticPagesController#home as HTML
  Rendering static_pages/home.html.erb within layouts/application
  Rendered static_pages/home.html.erb within layouts/application (0.6ms)
Completed 500 Internal Server Error in 3ms


  
SyntaxError (/Users/oo0adeliae0oo/environment/sample_app/app/views/static_pages/home.html.erb:14: syntax error, unexpected ',', expecting ')'
...       image_tag("kitten.jpg"),
...                              ^):
  
app/views/static_pages/home.html.erb:14: syntax error, unexpected ',', expecting ')'
Started GET "/" for 127.0.0.1 at 2020-10-05 17:06:23 +0900
Processing by StaticPagesController#home as HTML
  Rendering static_pages/home.html.erb within layouts/application
  Rendered static_pages/home.html.erb within layouts/application (1.8ms)
Completed 200 OK in 20ms (Views: 18.6ms)


Started GET "/" for 127.0.0.1 at 2020-10-05 17:06:26 +0900
Processing by StaticPagesController#home as HTML
  Rendering static_pages/home.html.erb within layouts/application
  Rendered static_pages/home.html.erb within layouts/application (1.5ms)
Completed 200 OK in 17ms (Views: 15.7ms)


Started GET "/" for 127.0.0.1 at 2020-10-05 17:06:51 +0900
Processing by StaticPagesController#home as HTML
  Rendering static_pages/home.html.erb within layouts/application
  Rendered static_pages/home.html.erb within layouts/application (1.5ms)
Completed 200 OK in 19ms (Views: 18.2ms)


Started GET "/" for 127.0.0.1 at 2020-10-05 17:12:01 +0900
Processing by StaticPagesController#home as HTML
  Rendering static_pages/home.html.erb within layouts/application
  Rendered static_pages/home.html.erb within layouts/application (3086.3ms)
Completed 200 OK in 3286ms (Views: 3147.8ms)


Started GET "/" for 127.0.0.1 at 2020-10-05 17:12:45 +0900
Processing by StaticPagesController#home as HTML
  Rendering static_pages/home.html.erb within layouts/application
  Rendered static_pages/home.html.erb within layouts/application (2.4ms)
Completed 500 Internal Server Error in 22ms


  
ActionView::Template::Error (Invalid CSS after "body ": expected selector or at-rule, was "{"):
    3:   <head>
    4:     <title><%= full_title(yield(:title)) %></title>
    5:     <%= csrf_meta_tags %>
    6:     <%= stylesheet_link_tag    'application', media: 'all',
    7:                                'data-turbolinks-track': 'reload' %>
    8:     <%= javascript_include_tag 'application',
    9:                                'data-turbolinks-track': 'reload' %>
  
app/assets/stylesheets/custom.scss:4
app/views/layouts/application.html.erb:6:in `_app_views_layouts_application_html_erb__989793565261464945_70109662987580'
Started GET "/" for 127.0.0.1 at 2020-10-05 17:14:40 +0900
Processing by StaticPagesController#home as HTML
  Rendering static_pages/home.html.erb within layouts/application
  Rendered static_pages/home.html.erb within layouts/application (1.3ms)
Completed 200 OK in 1259ms (Views: 1257.7ms)


Started GET "/" for 127.0.0.1 at 2020-10-05 17:14:56 +0900
Processing by StaticPagesController#home as HTML
  Rendering static_pages/home.html.erb within layouts/application
  Rendered static_pages/home.html.erb within layouts/application (1.4ms)
Completed 200 OK in 1303ms (Views: 1301.8ms)


Started GET "/" for 127.0.0.1 at 2020-10-05 17:15:45 +0900
Processing by StaticPagesController#home as HTML
  Rendering static_pages/home.html.erb within layouts/application
  Rendered static_pages/home.html.erb within layouts/application (5.0ms)
Completed 200 OK in 1283ms (Views: 1282.1ms)


Started GET "/" for 127.0.0.1 at 2020-10-05 17:16:14 +0900
Processing by StaticPagesController#home as HTML
  Rendering static_pages/home.html.erb within layouts/application
  Rendered static_pages/home.html.erb within layouts/application (1.4ms)
Completed 200 OK in 1248ms (Views: 1247.1ms)


Started GET "/" for 127.0.0.1 at 2020-10-05 17:16:55 +0900
Processing by StaticPagesController#home as HTML
  Rendering static_pages/home.html.erb within layouts/application
  Rendered static_pages/home.html.erb within layouts/application (1.6ms)
Completed 200 OK in 1290ms (Views: 1288.5ms)


Started GET "/" for 127.0.0.1 at 2020-10-05 17:29:34 +0900
Processing by StaticPagesController#home as HTML
  Rendering static_pages/home.html.erb within layouts/application
  Rendered static_pages/home.html.erb within layouts/application (1.3ms)
  Rendered layouts/_shim.html.erb (0.3ms)
  Rendered layouts/_header.html.erb (0.5ms)
  Rendered layouts/_footer.html.erb (0.3ms)
Completed 200 OK in 1285ms (Views: 1284.1ms)


Started GET "/" for 127.0.0.1 at 2020-10-05 17:35:10 +0900
Processing by StaticPagesController#home as HTML
  Rendering static_pages/home.html.erb within layouts/application
  Rendered static_pages/home.html.erb within layouts/application (1.4ms)
Completed 500 Internal Server Error in 7ms


  
ActionView::Template::Error (Missing partial layouts/_rails_default with {:locale=>[:en], :formats=>[:html], :variants=>[], :handlers=>[:raw, :erb, :html, :builder, :ruby, :coffee, :jbuilder]}. Searched in:
  * "/Users/oo0adeliae0oo/environment/sample_app/app/views"
):
    2: <html>
    3:   <head>
    4:     <title><%= full_title(yield(:title)) %></title>
    5:     <%= render 'layouts/rails_default' %>
    6: 　  <%= render 'layouts/shim' %>  
    7:     <%= csrf_meta_tags %>
    8:     <%= stylesheet_link_tag    'application', media: 'all',
  
app/views/layouts/application.html.erb:5:in `_app_views_layouts_application_html_erb__989793565261464945_70109674853460'
Started GET "/" for 127.0.0.1 at 2020-10-05 17:35:25 +0900
Processing by StaticPagesController#home as HTML
  Rendering static_pages/home.html.erb within layouts/application
  Rendered static_pages/home.html.erb within layouts/application (4.6ms)
  Rendered layouts/_rails_default_head.html.erb (75.7ms)
  Rendered layouts/_shim.html.erb (0.3ms)
  Rendered layouts/_shim.html.erb (0.0ms)
  Rendered layouts/_header.html.erb (0.8ms)
  Rendered layouts/_footer.html.erb (0.3ms)
Completed 200 OK in 103ms (Views: 100.8ms)


Started GET "/" for 127.0.0.1 at 2020-10-05 17:48:52 +0900
Processing by StaticPagesController#home as HTML
  Rendering static_pages/home.html.erb within layouts/application
  Rendered static_pages/home.html.erb within layouts/application (1.4ms)
  Rendered layouts/_rails_default_head.html.erb (1194.8ms)
  Rendered layouts/_shim.html.erb (0.3ms)
  Rendered layouts/_shim.html.erb (0.0ms)
  Rendered layouts/_header.html.erb (326.9ms)
Completed 500 Internal Server Error in 1534ms


  
ActionView::Template::Error (undefined local variable or method `help_path' for #<#<Class:0x00007f87504ba6e8>:0x00007f87504c1830>):
     5:     <nav>
     6:       <ul class="nav navbar-nav navbar-right">
     7:         <li><%= link_to "Home",    root_path %></li>
     8:         <li><%= link_to "Help",    help_path %></li>
     9:         <li><%= link_to "Log in", '#' %></li>
    10:       </ul>
    11:     </nav>
  
app/views/layouts/_header.html.erb:8:in `_app_views_layouts__header_html_erb__4131991266727282924_70109602263980'
app/views/layouts/application.html.erb:15:in `_app_views_layouts_application_html_erb__989793565261464945_70109572269840'
Started GET "/" for 127.0.0.1 at 2020-10-05 18:00:29 +0900
Processing by StaticPagesController#home as HTML
  Rendering static_pages/home.html.erb within layouts/application
  Rendered static_pages/home.html.erb within layouts/application (1.5ms)
  Rendered layouts/_rails_default_head.html.erb (24.0ms)
  Rendered layouts/_shim.html.erb (0.3ms)
  Rendered layouts/_shim.html.erb (0.0ms)
  Rendered layouts/_header.html.erb (0.6ms)
  Rendered layouts/_footer.html.erb (0.3ms)
Completed 200 OK in 38ms (Views: 36.3ms)


Started GET "/users" for 127.0.0.1 at 2020-10-05 18:48:16 +0900
  
ActionController::RoutingError (No route matches [GET] "/users"):
  
actionpack (5.1.6) lib/action_dispatch/middleware/debug_exceptions.rb:63:in `call'
web-console (3.5.1) lib/web_console/middleware.rb:135:in `call_app'
web-console (3.5.1) lib/web_console/middleware.rb:28:in `block in call'
web-console (3.5.1) lib/web_console/middleware.rb:18:in `catch'
web-console (3.5.1) lib/web_console/middleware.rb:18:in `call'
actionpack (5.1.6) lib/action_dispatch/middleware/show_exceptions.rb:31:in `call'
railties (5.1.6) lib/rails/rack/logger.rb:36:in `call_app'
railties (5.1.6) lib/rails/rack/logger.rb:24:in `block in call'
activesupport (5.1.6) lib/active_support/tagged_logging.rb:69:in `block in tagged'
activesupport (5.1.6) lib/active_support/tagged_logging.rb:26:in `tagged'
activesupport (5.1.6) lib/active_support/tagged_logging.rb:69:in `tagged'
railties (5.1.6) lib/rails/rack/logger.rb:24:in `call'
sprockets-rails (3.2.2) lib/sprockets/rails/quiet_assets.rb:13:in `call'
actionpack (5.1.6) lib/action_dispatch/middleware/remote_ip.rb:79:in `call'
actionpack (5.1.6) lib/action_dispatch/middleware/request_id.rb:25:in `call'
rack (2.2.3) lib/rack/method_override.rb:24:in `call'
rack (2.2.3) lib/rack/runtime.rb:22:in `call'
activesupport (5.1.6) lib/active_support/cache/strategy/local_cache_middleware.rb:27:in `call'
actionpack (5.1.6) lib/action_dispatch/middleware/executor.rb:12:in `call'
actionpack (5.1.6) lib/action_dispatch/middleware/static.rb:125:in `call'
rack (2.2.3) lib/rack/sendfile.rb:110:in `call'
railties (5.1.6) lib/rails/engine.rb:522:in `call'
puma (3.9.1) lib/puma/configuration.rb:224:in `call'
puma (3.9.1) lib/puma/server.rb:602:in `handle_request'
puma (3.9.1) lib/puma/server.rb:435:in `process_client'
puma (3.9.1) lib/puma/server.rb:299:in `block in run'
puma (3.9.1) lib/puma/thread_pool.rb:120:in `block in spawn_thread'
Started GET "/" for 127.0.0.1 at 2020-10-05 19:06:59 +0900
Processing by StaticPagesController#home as HTML
  Rendering static_pages/home.html.erb within layouts/application
  Rendered static_pages/home.html.erb within layouts/application (440.1ms)
  Rendered layouts/_rails_default_head.html.erb (77.4ms)
  Rendered layouts/_shim.html.erb (1.1ms)
  Rendered layouts/_shim.html.erb (0.0ms)
  Rendered layouts/_header.html.erb (0.9ms)
  Rendered layouts/_footer.html.erb (0.4ms)
Completed 200 OK in 696ms (Views: 543.5ms)


Started GET "/signup" for 127.0.0.1 at 2020-10-05 19:07:01 +0900
Processing by UsersController#new as HTML
  Rendering users/new.html.erb within layouts/application
  Rendered users/new.html.erb within layouts/application (0.5ms)
  Rendered layouts/_rails_default_head.html.erb (54.5ms)
  Rendered layouts/_shim.html.erb (0.3ms)
  Rendered layouts/_shim.html.erb (0.0ms)
  Rendered layouts/_header.html.erb (0.5ms)
  Rendered layouts/_footer.html.erb (0.4ms)
Completed 200 OK in 80ms (Views: 78.0ms)


  [1m[35m (0.1ms)[0m  [1m[36mbegin transaction[0m
  [1m[35m (0.1ms)[0m  [1m[31mrollback transaction[0m
  [1m[35m (0.1ms)[0m  [1m[34mSELECT sqlite_version(*)[0m
  [1m[35m (1.3ms)[0m  [1m[35mCREATE TABLE "schema_migrations" ("version" varchar NOT NULL PRIMARY KEY)[0m
  [1m[35m (1.7ms)[0m  [1m[35mCREATE TABLE "ar_internal_metadata" ("key" varchar NOT NULL PRIMARY KEY, "value" varchar, "created_at" datetime NOT NULL, "updated_at" datetime NOT NULL)[0m
  [1m[35m (0.1ms)[0m  [1m[34mSELECT "schema_migrations"."version" FROM "schema_migrations" ORDER BY "schema_migrations"."version" ASC[0m
Migrating to CreateUsers (20200913101559)
  [1m[35m (0.1ms)[0m  [1m[36mbegin transaction[0m
  [1m[35m (0.4ms)[0m  [1m[35mCREATE TABLE "users" ("id" INTEGER PRIMARY KEY AUTOINCREMENT NOT NULL, "name" varchar, "email" varchar, "created_at" datetime NOT NULL, "updated_at" datetime NOT NULL)[0m
  [1m[35mSQL (0.2ms)[0m  [1m[32mINSERT INTO "schema_migrations" ("version") VALUES (?)[0m  [["version", "20200913101559"]]
  [1m[35m (1.2ms)[0m  [1m[36mcommit transaction[0m
  [1m[36mActiveRecord::InternalMetadata Load (0.1ms)[0m  [1m[34mSELECT  "ar_internal_metadata".* FROM "ar_internal_metadata" WHERE "ar_internal_metadata"."key" = ? LIMIT ?[0m  [["key", "environment"], ["LIMIT", 1]]
  [1m[35m (0.1ms)[0m  [1m[36mbegin transaction[0m
  [1m[35mSQL (0.5ms)[0m  [1m[32mINSERT INTO "ar_internal_metadata" ("key", "value", "created_at", "updated_at") VALUES (?, ?, ?, ?)[0m  [["key", "environment"], ["value", "development"], ["created_at", "2020-10-05 10:37:16.032806"], ["updated_at", "2020-10-05 10:37:16.032806"]]
  [1m[35m (0.7ms)[0m  [1m[36mcommit transaction[0m
  [1m[35m (0.1ms)[0m  [1m[34mSELECT "schema_migrations"."version" FROM "schema_migrations" ORDER BY "schema_migrations"."version" ASC[0m
  [1m[35m (0.1ms)[0m  [1m[36mbegin transaction[0m
  [1m[35m (0.1ms)[0m  [1m[31mrollback transaction[0m
Started GET "/signup" for 127.0.0.1 at 2020-10-05 19:45:59 +0900
  [1m[35m (2.0ms)[0m  [1m[34mSELECT "schema_migrations"."version" FROM "schema_migrations" ORDER BY "schema_migrations"."version" ASC[0m
Processing by UsersController#new as HTML
  Rendering users/new.html.erb within layouts/application
  Rendered users/new.html.erb within layouts/application (1.3ms)
  Rendered layouts/_rails_default_head.html.erb (319.7ms)
  Rendered layouts/_shim.html.erb (0.3ms)
  Rendered layouts/_shim.html.erb (0.1ms)
  Rendered layouts/_header.html.erb (1.0ms)
  Rendered layouts/_footer.html.erb (0.8ms)
Completed 200 OK in 350ms (Views: 340.3ms | ActiveRecord: 0.0ms)


Started GET "/" for 127.0.0.1 at 2020-10-05 19:46:09 +0900
Processing by StaticPagesController#home as HTML
  Rendering static_pages/home.html.erb within layouts/application
  Rendered static_pages/home.html.erb within layouts/application (2.0ms)
  Rendered layouts/_rails_default_head.html.erb (31.4ms)
  Rendered layouts/_shim.html.erb (0.3ms)
  Rendered layouts/_shim.html.erb (0.0ms)
  Rendered layouts/_header.html.erb (0.5ms)
  Rendered layouts/_footer.html.erb (0.5ms)
Completed 200 OK in 51ms (Views: 49.6ms | ActiveRecord: 0.0ms)


Started GET "/signup" for 127.0.0.1 at 2020-10-05 19:46:18 +0900
Processing by UsersController#new as HTML
  Rendering users/new.html.erb within layouts/application
  Rendered users/new.html.erb within layouts/application (0.6ms)
  Rendered layouts/_rails_default_head.html.erb (29.7ms)
  Rendered layouts/_shim.html.erb (0.4ms)
  Rendered layouts/_shim.html.erb (0.0ms)
  Rendered layouts/_header.html.erb (0.6ms)
  Rendered layouts/_footer.html.erb (0.8ms)
Completed 200 OK in 49ms (Views: 47.1ms | ActiveRecord: 0.0ms)


Started GET "/" for 127.0.0.1 at 2020-10-05 19:46:23 +0900
Processing by StaticPagesController#home as HTML
Started GET "/" for 127.0.0.1 at 2020-10-05 19:46:23 +0900
Processing by StaticPagesController#home as HTML
  Rendering static_pages/home.html.erb within layouts/application
  Rendering static_pages/home.html.erb within layouts/application
  Rendered static_pages/home.html.erb within layouts/application (10.4ms)
  Rendered static_pages/home.html.erb within layouts/application (10.7ms)
  Rendered layouts/_rails_default_head.html.erb (99.1ms)
  Rendered layouts/_shim.html.erb (0.3ms)
  Rendered layouts/_shim.html.erb (0.0ms)
  Rendered layouts/_header.html.erb (1.2ms)
  Rendered layouts/_footer.html.erb (0.5ms)
Completed 200 OK in 141ms (Views: 136.9ms | ActiveRecord: 0.0ms)


  Rendered layouts/_rails_default_head.html.erb (115.3ms)
  Rendered layouts/_shim.html.erb (0.0ms)
  Rendered layouts/_shim.html.erb (0.2ms)
  Rendered layouts/_header.html.erb (0.4ms)
  Rendered layouts/_footer.html.erb (0.1ms)
Completed 200 OK in 151ms (Views: 148.0ms | ActiveRecord: 0.0ms)


  [1m[35m (0.1ms)[0m  [1m[34mSELECT "schema_migrations"."version" FROM "schema_migrations" ORDER BY "schema_migrations"."version" ASC[0m
  [1m[36mActiveRecord::InternalMetadata Load (0.7ms)[0m  [1m[34mSELECT  "ar_internal_metadata".* FROM "ar_internal_metadata" WHERE "ar_internal_metadata"."key" = ? LIMIT ?[0m  [["key", "environment"], ["LIMIT", 1]]
  [1m[35m (0.1ms)[0m  [1m[36mbegin transaction[0m
  [1m[35m (0.0ms)[0m  [1m[36mcommit transaction[0m
  [1m[35m (0.1ms)[0m  [1m[34mSELECT "schema_migrations"."version" FROM "schema_migrations" ORDER BY "schema_migrations"."version" ASC[0m
  [1m[35m (0.3ms)[0m  [1m[34mSELECT "schema_migrations"."version" FROM "schema_migrations" ORDER BY "schema_migrations"."version" ASC[0m
Migrating to AddPasswordDigestToUsers (20201005112543)
  [1m[35m (0.1ms)[0m  [1m[36mbegin transaction[0m
  [1m[35m (0.6ms)[0m  [1m[35mALTER TABLE "users" ADD "password_digest" varchar[0m
  [1m[35mSQL (0.5ms)[0m  [1m[32mINSERT INTO "schema_migrations" ("version") VALUES (?)[0m  [["version", "20201005112543"]]
  [1m[35m (0.9ms)[0m  [1m[36mcommit transaction[0m
  [1m[36mActiveRecord::InternalMetadata Load (0.2ms)[0m  [1m[34mSELECT  "ar_internal_metadata".* FROM "ar_internal_metadata" WHERE "ar_internal_metadata"."key" = ? LIMIT ?[0m  [["key", "environment"], ["LIMIT", 1]]
  [1m[35m (0.1ms)[0m  [1m[36mbegin transaction[0m
  [1m[35m (0.1ms)[0m  [1m[36mcommit transaction[0m
  [1m[35m (0.1ms)[0m  [1m[34mSELECT "schema_migrations"."version" FROM "schema_migrations" ORDER BY "schema_migrations"."version" ASC[0m
